[2022-10-31 14:04:18] local.ERROR: Please provide a valid cache path. {"exception":"[object] (InvalidArgumentException(code: 0): Please provide a valid cache path. at /home/hassangomaa/Documents/Laravel_projects/LMS_elingua/lms/lms_apis/lms/vendor/laravel/framework/src/Illuminate/View/Compilers/Compiler.php:36)
[stacktrace]
#0 /home/hassangomaa/Documents/Laravel_projects/LMS_elingua/lms/lms_apis/lms/vendor/laravel/framework/src/Illuminate/View/ViewServiceProvider.php(88): Illuminate\\View\\Compilers\\Compiler->__construct()
#1 /home/hassangomaa/Documents/Laravel_projects/LMS_elingua/lms/lms_apis/lms/vendor/laravel/framework/src/Illuminate/Container/Container.php(873): Illuminate\\View\\ViewServiceProvider->Illuminate\\View\\{closure}()
#2 /home/hassangomaa/Documents/Laravel_projects/LMS_elingua/lms/lms_apis/lms/vendor/laravel/framework/src/Illuminate/Container/Container.php(758): Illuminate\\Container\\Container->build()
#3 /home/hassangomaa/Documents/Laravel_projects/LMS_elingua/lms/lms_apis/lms/vendor/laravel/framework/src/Illuminate/Foundation/Application.php(851): Illuminate\\Container\\Container->resolve()
#4 /home/hassangomaa/Documents/Laravel_projects/LMS_elingua/lms/lms_apis/lms/vendor/laravel/framework/src/Illuminate/Container/Container.php(694): Illuminate\\Foundation\\Application->resolve()
#5 /home/hassangomaa/Documents/Laravel_projects/LMS_elingua/lms/lms_apis/lms/vendor/laravel/framework/src/Illuminate/Foundation/Application.php(836): Illuminate\\Container\\Container->make()
#6 /home/hassangomaa/Documents/Laravel_projects/LMS_elingua/lms/lms_apis/lms/vendor/laravel/framework/src/Illuminate/Container/Container.php(1419): Illuminate\\Foundation\\Application->make()
#7 /home/hassangomaa/Documents/Laravel_projects/LMS_elingua/lms/lms_apis/lms/vendor/laravel/framework/src/Illuminate/View/ViewServiceProvider.php(150): Illuminate\\Container\\Container->offsetGet()
#8 [internal function]: Illuminate\\View\\ViewServiceProvider->Illuminate\\View\\{closure}()
#9 /home/hassangomaa/Documents/Laravel_projects/LMS_elingua/lms/lms_apis/lms/vendor/laravel/framework/src/Illuminate/View/Engines/EngineResolver.php(55): call_user_func()
#10 /home/hassangomaa/Documents/Laravel_projects/LMS_elingua/lms/lms_apis/lms/vendor/facade/ignition/src/IgnitionServiceProvider.php(467): Illuminate\\View\\Engines\\EngineResolver->resolve()
#11 /home/hassangomaa/Documents/Laravel_projects/LMS_elingua/lms/lms_apis/lms/vendor/facade/ignition/src/IgnitionServiceProvider.php(158): Facade\\Ignition\\IgnitionServiceProvider->hasCustomViewEnginesRegistered()
#12 /home/hassangomaa/Documents/Laravel_projects/LMS_elingua/lms/lms_apis/lms/vendor/facade/ignition/src/IgnitionServiceProvider.php(101): Facade\\Ignition\\IgnitionServiceProvider->registerViewEngines()
#13 /home/hassangomaa/Documents/Laravel_projects/LMS_elingua/lms/lms_apis/lms/vendor/laravel/framework/src/Illuminate/Container/BoundMethod.php(36): Facade\\Ignition\\IgnitionServiceProvider->boot()
#14 /home/hassangomaa/Documents/Laravel_projects/LMS_elingua/lms/lms_apis/lms/vendor/laravel/framework/src/Illuminate/Container/Util.php(40): Illuminate\\Container\\BoundMethod::Illuminate\\Container\\{closure}()
#15 /home/hassangomaa/Documents/Laravel_projects/LMS_elingua/lms/lms_apis/lms/vendor/laravel/framework/src/Illuminate/Container/BoundMethod.php(93): Illuminate\\Container\\Util::unwrapIfClosure()
#16 /home/hassangomaa/Documents/Laravel_projects/LMS_elingua/lms/lms_apis/lms/vendor/laravel/framework/src/Illuminate/Container/BoundMethod.php(37): Illuminate\\Container\\BoundMethod::callBoundMethod()
#17 /home/hassangomaa/Documents/Laravel_projects/LMS_elingua/lms/lms_apis/lms/vendor/laravel/framework/src/Illuminate/Container/Container.php(653): Illuminate\\Container\\BoundMethod::call()
#18 /home/hassangomaa/Documents/Laravel_projects/LMS_elingua/lms/lms_apis/lms/vendor/laravel/framework/src/Illuminate/Foundation/Application.php(924): Illuminate\\Container\\Container->call()
#19 /home/hassangomaa/Documents/Laravel_projects/LMS_elingua/lms/lms_apis/lms/vendor/laravel/framework/src/Illuminate/Foundation/Application.php(905): Illuminate\\Foundation\\Application->bootProvider()
#20 [internal function]: Illuminate\\Foundation\\Application->Illuminate\\Foundation\\{closure}()
#21 /home/hassangomaa/Documents/Laravel_projects/LMS_elingua/lms/lms_apis/lms/vendor/laravel/framework/src/Illuminate/Foundation/Application.php(906): array_walk()
#22 /home/hassangomaa/Documents/Laravel_projects/LMS_elingua/lms/lms_apis/lms/vendor/laravel/framework/src/Illuminate/Foundation/Bootstrap/BootProviders.php(17): Illuminate\\Foundation\\Application->boot()
#23 /home/hassangomaa/Documents/Laravel_projects/LMS_elingua/lms/lms_apis/lms/vendor/laravel/framework/src/Illuminate/Foundation/Application.php(237): Illuminate\\Foundation\\Bootstrap\\BootProviders->bootstrap()
#24 /home/hassangomaa/Documents/Laravel_projects/LMS_elingua/lms/lms_apis/lms/vendor/laravel/framework/src/Illuminate/Foundation/Http/Kernel.php(153): Illuminate\\Foundation\\Application->bootstrapWith()
#25 /home/hassangomaa/Documents/Laravel_projects/LMS_elingua/lms/lms_apis/lms/vendor/laravel/framework/src/Illuminate/Foundation/Http/Kernel.php(137): Illuminate\\Foundation\\Http\\Kernel->bootstrap()
#26 /home/hassangomaa/Documents/Laravel_projects/LMS_elingua/lms/lms_apis/lms/vendor/laravel/framework/src/Illuminate/Foundation/Http/Kernel.php(111): Illuminate\\Foundation\\Http\\Kernel->sendRequestThroughRouter()
#27 /home/hassangomaa/Documents/Laravel_projects/LMS_elingua/lms/lms_apis/lms/public/index.php(52): Illuminate\\Foundation\\Http\\Kernel->handle()
#28 /home/hassangomaa/Documents/Laravel_projects/LMS_elingua/lms/lms_apis/lms/server.php(21): require_once('...')
#29 {main}
"} 
[2022-10-31 14:04:35] local.ERROR: Please provide a valid cache path. {"exception":"[object] (InvalidArgumentException(code: 0): Please provide a valid cache path. at /home/hassangomaa/Documents/Laravel_projects/LMS_elingua/lms/lms_apis/lms/vendor/laravel/framework/src/Illuminate/View/Compilers/Compiler.php:36)
[stacktrace]
#0 /home/hassangomaa/Documents/Laravel_projects/LMS_elingua/lms/lms_apis/lms/vendor/laravel/framework/src/Illuminate/View/ViewServiceProvider.php(88): Illuminate\\View\\Compilers\\Compiler->__construct()
#1 /home/hassangomaa/Documents/Laravel_projects/LMS_elingua/lms/lms_apis/lms/vendor/laravel/framework/src/Illuminate/Container/Container.php(873): Illuminate\\View\\ViewServiceProvider->Illuminate\\View\\{closure}()
#2 /home/hassangomaa/Documents/Laravel_projects/LMS_elingua/lms/lms_apis/lms/vendor/laravel/framework/src/Illuminate/Container/Container.php(758): Illuminate\\Container\\Container->build()
#3 /home/hassangomaa/Documents/Laravel_projects/LMS_elingua/lms/lms_apis/lms/vendor/laravel/framework/src/Illuminate/Foundation/Application.php(851): Illuminate\\Container\\Container->resolve()
#4 /home/hassangomaa/Documents/Laravel_projects/LMS_elingua/lms/lms_apis/lms/vendor/laravel/framework/src/Illuminate/Container/Container.php(694): Illuminate\\Foundation\\Application->resolve()
#5 /home/hassangomaa/Documents/Laravel_projects/LMS_elingua/lms/lms_apis/lms/vendor/laravel/framework/src/Illuminate/Foundation/Application.php(836): Illuminate\\Container\\Container->make()
#6 /home/hassangomaa/Documents/Laravel_projects/LMS_elingua/lms/lms_apis/lms/vendor/laravel/framework/src/Illuminate/Container/Container.php(1419): Illuminate\\Foundation\\Application->make()
#7 /home/hassangomaa/Documents/Laravel_projects/LMS_elingua/lms/lms_apis/lms/vendor/laravel/framework/src/Illuminate/View/ViewServiceProvider.php(150): Illuminate\\Container\\Container->offsetGet()
#8 [internal function]: Illuminate\\View\\ViewServiceProvider->Illuminate\\View\\{closure}()
#9 /home/hassangomaa/Documents/Laravel_projects/LMS_elingua/lms/lms_apis/lms/vendor/laravel/framework/src/Illuminate/View/Engines/EngineResolver.php(55): call_user_func()
#10 /home/hassangomaa/Documents/Laravel_projects/LMS_elingua/lms/lms_apis/lms/vendor/facade/ignition/src/IgnitionServiceProvider.php(467): Illuminate\\View\\Engines\\EngineResolver->resolve()
#11 /home/hassangomaa/Documents/Laravel_projects/LMS_elingua/lms/lms_apis/lms/vendor/facade/ignition/src/IgnitionServiceProvider.php(158): Facade\\Ignition\\IgnitionServiceProvider->hasCustomViewEnginesRegistered()
#12 /home/hassangomaa/Documents/Laravel_projects/LMS_elingua/lms/lms_apis/lms/vendor/facade/ignition/src/IgnitionServiceProvider.php(101): Facade\\Ignition\\IgnitionServiceProvider->registerViewEngines()
#13 /home/hassangomaa/Documents/Laravel_projects/LMS_elingua/lms/lms_apis/lms/vendor/laravel/framework/src/Illuminate/Container/BoundMethod.php(36): Facade\\Ignition\\IgnitionServiceProvider->boot()
#14 /home/hassangomaa/Documents/Laravel_projects/LMS_elingua/lms/lms_apis/lms/vendor/laravel/framework/src/Illuminate/Container/Util.php(40): Illuminate\\Container\\BoundMethod::Illuminate\\Container\\{closure}()
#15 /home/hassangomaa/Documents/Laravel_projects/LMS_elingua/lms/lms_apis/lms/vendor/laravel/framework/src/Illuminate/Container/BoundMethod.php(93): Illuminate\\Container\\Util::unwrapIfClosure()
#16 /home/hassangomaa/Documents/Laravel_projects/LMS_elingua/lms/lms_apis/lms/vendor/laravel/framework/src/Illuminate/Container/BoundMethod.php(37): Illuminate\\Container\\BoundMethod::callBoundMethod()
#17 /home/hassangomaa/Documents/Laravel_projects/LMS_elingua/lms/lms_apis/lms/vendor/laravel/framework/src/Illuminate/Container/Container.php(653): Illuminate\\Container\\BoundMethod::call()
#18 /home/hassangomaa/Documents/Laravel_projects/LMS_elingua/lms/lms_apis/lms/vendor/laravel/framework/src/Illuminate/Foundation/Application.php(924): Illuminate\\Container\\Container->call()
#19 /home/hassangomaa/Documents/Laravel_projects/LMS_elingua/lms/lms_apis/lms/vendor/laravel/framework/src/Illuminate/Foundation/Application.php(905): Illuminate\\Foundation\\Application->bootProvider()
#20 [internal function]: Illuminate\\Foundation\\Application->Illuminate\\Foundation\\{closure}()
#21 /home/hassangomaa/Documents/Laravel_projects/LMS_elingua/lms/lms_apis/lms/vendor/laravel/framework/src/Illuminate/Foundation/Application.php(906): array_walk()
#22 /home/hassangomaa/Documents/Laravel_projects/LMS_elingua/lms/lms_apis/lms/vendor/laravel/framework/src/Illuminate/Foundation/Bootstrap/BootProviders.php(17): Illuminate\\Foundation\\Application->boot()
#23 /home/hassangomaa/Documents/Laravel_projects/LMS_elingua/lms/lms_apis/lms/vendor/laravel/framework/src/Illuminate/Foundation/Application.php(237): Illuminate\\Foundation\\Bootstrap\\BootProviders->bootstrap()
#24 /home/hassangomaa/Documents/Laravel_projects/LMS_elingua/lms/lms_apis/lms/vendor/laravel/framework/src/Illuminate/Foundation/Http/Kernel.php(153): Illuminate\\Foundation\\Application->bootstrapWith()
#25 /home/hassangomaa/Documents/Laravel_projects/LMS_elingua/lms/lms_apis/lms/vendor/laravel/framework/src/Illuminate/Foundation/Http/Kernel.php(137): Illuminate\\Foundation\\Http\\Kernel->bootstrap()
#26 /home/hassangomaa/Documents/Laravel_projects/LMS_elingua/lms/lms_apis/lms/vendor/laravel/framework/src/Illuminate/Foundation/Http/Kernel.php(111): Illuminate\\Foundation\\Http\\Kernel->sendRequestThroughRouter()
#27 /home/hassangomaa/Documents/Laravel_projects/LMS_elingua/lms/lms_apis/lms/public/index.php(52): Illuminate\\Foundation\\Http\\Kernel->handle()
#28 /home/hassangomaa/Documents/Laravel_projects/LMS_elingua/lms/lms_apis/lms/server.php(21): require_once('...')
#29 {main}
"} 
[2022-10-31 14:10:23] local.ERROR: include(/home/hassangomaa/Documents/Laravel_projects/LMS_elingua/lms/lms_apis/lms/vendor/composer/../../Modules/Appearance/Providers/AppearanceServiceProvider.php): Failed to open stream: No such file or directory {"exception":"[object] (ErrorException(code: 0): include(/home/hassangomaa/Documents/Laravel_projects/LMS_elingua/lms/lms_apis/lms/vendor/composer/../../Modules/Appearance/Providers/AppearanceServiceProvider.php): Failed to open stream: No such file or directory at /home/hassangomaa/Documents/Laravel_projects/LMS_elingua/lms/lms_apis/lms/vendor/composer/ClassLoader.php:571)
[stacktrace]
#0 /home/hassangomaa/Documents/Laravel_projects/LMS_elingua/lms/lms_apis/lms/vendor/composer/ClassLoader.php(571): Illuminate\\Foundation\\Bootstrap\\HandleExceptions->handleError()
#1 /home/hassangomaa/Documents/Laravel_projects/LMS_elingua/lms/lms_apis/lms/vendor/composer/ClassLoader.php(571): include()
#2 /home/hassangomaa/Documents/Laravel_projects/LMS_elingua/lms/lms_apis/lms/vendor/composer/ClassLoader.php(428): Composer\\Autoload\\includeFile()
#3 /home/hassangomaa/Documents/Laravel_projects/LMS_elingua/lms/lms_apis/lms/vendor/laravel/framework/src/Illuminate/Foundation/Application.php(745): Composer\\Autoload\\ClassLoader->loadClass()
#4 /home/hassangomaa/Documents/Laravel_projects/LMS_elingua/lms/lms_apis/lms/vendor/laravel/framework/src/Illuminate/Foundation/Application.php(679): Illuminate\\Foundation\\Application->resolveProvider()
#5 /home/hassangomaa/Documents/Laravel_projects/LMS_elingua/lms/lms_apis/lms/vendor/laravel/framework/src/Illuminate/Foundation/ProviderRepository.php(75): Illuminate\\Foundation\\Application->register()
#6 /home/hassangomaa/Documents/Laravel_projects/LMS_elingua/lms/lms_apis/lms/vendor/nwidart/laravel-modules/src/Laravel/Module.php(33): Illuminate\\Foundation\\ProviderRepository->load()
#7 /home/hassangomaa/Documents/Laravel_projects/LMS_elingua/lms/lms_apis/lms/vendor/nwidart/laravel-modules/src/Module.php(264): Nwidart\\Modules\\Laravel\\Module->registerProviders()
#8 /home/hassangomaa/Documents/Laravel_projects/LMS_elingua/lms/lms_apis/lms/vendor/nwidart/laravel-modules/src/FileRepository.php(321): Nwidart\\Modules\\Module->register()
#9 /home/hassangomaa/Documents/Laravel_projects/LMS_elingua/lms/lms_apis/lms/vendor/nwidart/laravel-modules/src/Providers/BootstrapServiceProvider.php(23): Nwidart\\Modules\\FileRepository->register()
#10 /home/hassangomaa/Documents/Laravel_projects/LMS_elingua/lms/lms_apis/lms/vendor/laravel/framework/src/Illuminate/Foundation/Application.php(682): Nwidart\\Modules\\Providers\\BootstrapServiceProvider->register()
#11 /home/hassangomaa/Documents/Laravel_projects/LMS_elingua/lms/lms_apis/lms/vendor/nwidart/laravel-modules/src/ModulesServiceProvider.php(31): Illuminate\\Foundation\\Application->register()
#12 /home/hassangomaa/Documents/Laravel_projects/LMS_elingua/lms/lms_apis/lms/vendor/nwidart/laravel-modules/src/LaravelModulesServiceProvider.php(17): Nwidart\\Modules\\ModulesServiceProvider->registerModules()
#13 /home/hassangomaa/Documents/Laravel_projects/LMS_elingua/lms/lms_apis/lms/vendor/laravel/framework/src/Illuminate/Container/BoundMethod.php(36): Nwidart\\Modules\\LaravelModulesServiceProvider->boot()
#14 /home/hassangomaa/Documents/Laravel_projects/LMS_elingua/lms/lms_apis/lms/vendor/laravel/framework/src/Illuminate/Container/Util.php(40): Illuminate\\Container\\BoundMethod::Illuminate\\Container\\{closure}()
#15 /home/hassangomaa/Documents/Laravel_projects/LMS_elingua/lms/lms_apis/lms/vendor/laravel/framework/src/Illuminate/Container/BoundMethod.php(93): Illuminate\\Container\\Util::unwrapIfClosure()
#16 /home/hassangomaa/Documents/Laravel_projects/LMS_elingua/lms/lms_apis/lms/vendor/laravel/framework/src/Illuminate/Container/BoundMethod.php(37): Illuminate\\Container\\BoundMethod::callBoundMethod()
#17 /home/hassangomaa/Documents/Laravel_projects/LMS_elingua/lms/lms_apis/lms/vendor/laravel/framework/src/Illuminate/Container/Container.php(653): Illuminate\\Container\\BoundMethod::call()
#18 /home/hassangomaa/Documents/Laravel_projects/LMS_elingua/lms/lms_apis/lms/vendor/laravel/framework/src/Illuminate/Foundation/Application.php(924): Illuminate\\Container\\Container->call()
#19 /home/hassangomaa/Documents/Laravel_projects/LMS_elingua/lms/lms_apis/lms/vendor/laravel/framework/src/Illuminate/Foundation/Application.php(905): Illuminate\\Foundation\\Application->bootProvider()
#20 [internal function]: Illuminate\\Foundation\\Application->Illuminate\\Foundation\\{closure}()
#21 /home/hassangomaa/Documents/Laravel_projects/LMS_elingua/lms/lms_apis/lms/vendor/laravel/framework/src/Illuminate/Foundation/Application.php(906): array_walk()
#22 /home/hassangomaa/Documents/Laravel_projects/LMS_elingua/lms/lms_apis/lms/vendor/laravel/framework/src/Illuminate/Foundation/Bootstrap/BootProviders.php(17): Illuminate\\Foundation\\Application->boot()
#23 /home/hassangomaa/Documents/Laravel_projects/LMS_elingua/lms/lms_apis/lms/vendor/laravel/framework/src/Illuminate/Foundation/Application.php(237): Illuminate\\Foundation\\Bootstrap\\BootProviders->bootstrap()
#24 /home/hassangomaa/Documents/Laravel_projects/LMS_elingua/lms/lms_apis/lms/vendor/laravel/framework/src/Illuminate/Foundation/Http/Kernel.php(153): Illuminate\\Foundation\\Application->bootstrapWith()
#25 /home/hassangomaa/Documents/Laravel_projects/LMS_elingua/lms/lms_apis/lms/vendor/laravel/framework/src/Illuminate/Foundation/Http/Kernel.php(137): Illuminate\\Foundation\\Http\\Kernel->bootstrap()
#26 /home/hassangomaa/Documents/Laravel_projects/LMS_elingua/lms/lms_apis/lms/vendor/laravel/framework/src/Illuminate/Foundation/Http/Kernel.php(111): Illuminate\\Foundation\\Http\\Kernel->sendRequestThroughRouter()
#27 /home/hassangomaa/Documents/Laravel_projects/LMS_elingua/lms/lms_apis/lms/public/index.php(52): Illuminate\\Foundation\\Http\\Kernel->handle()
#28 /home/hassangomaa/Documents/Laravel_projects/LMS_elingua/lms/lms_apis/lms/server.php(21): require_once('...')
#29 {main}
"} 
